[debug] [2024-11-08T13:07:54.356Z] ----------------------------------------------------------------------
[debug] [2024-11-08T13:07:54.360Z] Command:       C:\Program Files\nodejs\node.exe C:\Users\Rahat\AppData\Roaming\npm\node_modules\firebase-tools\lib\bin\firebase.js init
[debug] [2024-11-08T13:07:54.360Z] CLI Version:   13.11.2
[debug] [2024-11-08T13:07:54.361Z] Platform:      win32
[debug] [2024-11-08T13:07:54.361Z] Node Version:  v22.0.0
[debug] [2024-11-08T13:07:54.361Z] Time:          Fri Nov 08 2024 19:07:54 GMT+0600 (Bangladesh Standard Time)
[debug] [2024-11-08T13:07:54.361Z] ----------------------------------------------------------------------
[debug] 
[debug] [2024-11-08T13:07:54.366Z] >>> [apiv2][query] GET https://firebase-public.firebaseio.com/cli.json [none]
[debug] [2024-11-08T13:07:54.434Z] > command requires scopes: ["email","openid","https://www.googleapis.com/auth/cloudplatformprojects.readonly","https://www.googleapis.com/auth/firebase","https://www.googleapis.com/auth/cloud-platform"]
[debug] [2024-11-08T13:07:54.434Z] > authorizing via signed-in user (alaminislamrahat@gmail.com)
[info] 
     ######## #### ########  ######## ########     ###     ######  ########
     ##        ##  ##     ## ##       ##     ##  ##   ##  ##       ##
     ######    ##  ########  ######   ########  #########  ######  ######
     ##        ##  ##    ##  ##       ##     ## ##     ##       ## ##
     ##       #### ##     ## ######## ########  ##     ##  ######  ########

You're about to initialize a Firebase project in this directory:

  C:\Users\Rahat\Desktop\react\soloSphere-session

[debug] [2024-11-08T13:07:55.147Z] <<< [apiv2][status] GET https://firebase-public.firebaseio.com/cli.json 200
[debug] [2024-11-08T13:07:55.147Z] <<< [apiv2][body] GET https://firebase-public.firebaseio.com/cli.json {"cloudBuildErrorAfter":1594252800000,"cloudBuildWarnAfter":1590019200000,"defaultNode10After":1594252800000,"minVersion":"3.0.5","node8DeploysDisabledAfter":1613390400000,"node8RuntimeDisabledAfter":1615809600000,"node8WarnAfter":1600128000000}
[info] 
=== Project Setup
[info] 
[info] First, let's associate this project directory with a Firebase project.
[info] You can create multiple project aliases by running firebase use --add, 
[info] but for now we'll just set up a default project.
[info] 
[debug] [2024-11-08T13:09:51.697Z] > refreshing access token with scopes: []
[debug] [2024-11-08T13:09:51.699Z] >>> [apiv2][query] POST https://www.googleapis.com/oauth2/v3/token [none]
[debug] [2024-11-08T13:09:51.699Z] >>> [apiv2][body] POST https://www.googleapis.com/oauth2/v3/token [omitted]
[debug] [2024-11-08T13:09:51.976Z] <<< [apiv2][status] POST https://www.googleapis.com/oauth2/v3/token 200
[debug] [2024-11-08T13:09:51.977Z] <<< [apiv2][body] POST https://www.googleapis.com/oauth2/v3/token [omitted]
[debug] [2024-11-08T13:09:51.997Z] >>> [apiv2][query] GET https://firebase.googleapis.com/v1beta1/projects pageSize=100
[debug] [2024-11-08T13:09:52.747Z] <<< [apiv2][status] GET https://firebase.googleapis.com/v1beta1/projects 200
[debug] [2024-11-08T13:09:52.747Z] <<< [apiv2][body] GET https://firebase.googleapis.com/v1beta1/projects [omitted]
[info] i  Using project solosphare-31a9f (soloSphare) 
[info] 
=== Hosting Setup
[debug] [2024-11-08T13:10:19.127Z] >>> [apiv2][query] GET https://firebase.googleapis.com/v1beta1/projects/solosphare-31a9f [none]
[debug] [2024-11-08T13:10:19.647Z] <<< [apiv2][status] GET https://firebase.googleapis.com/v1beta1/projects/solosphare-31a9f 200
[debug] [2024-11-08T13:10:19.647Z] <<< [apiv2][body] GET https://firebase.googleapis.com/v1beta1/projects/solosphare-31a9f {"projectId":"solosphare-31a9f","projectNumber":"633451217686","displayName":"soloSphare","name":"projects/solosphare-31a9f","resources":{"hostingSite":"solosphare-31a9f"},"state":"ACTIVE","etag":"1_48c0e712-3947-4307-be06-ab5800f0849c"}
[info] 
[info] Your public directory is the folder (relative to your project directory) that
[info] will contain Hosting assets to be uploaded with firebase deploy. If you
[info] have a build process for your assets, use your build's output directory.
[info] 
